<?xml version="1.0" encoding="UTF-8"?>
<!-- Generated by org.testng.reporters.JUnitReportReporter -->
<testsuite skipped="0" hostname="LAPTOP-JVKDK1QE" name="TestRunner.TC02_login" tests="1" failures="0" timestamp="12 May 2018 22:59:11 GMT" time="0.173" errors="1">
  <testcase name="feature" time="0.173" classname="TestRunner.TC02_login">
    <error type="cucumber.runtime.CucumberException" message="java.lang.Error: Unresolved compilation problem: 
	Invalid escape sequence (valid ones are  \b  \t  \n  \f  \r  \&quot;  \&#039;  \\ )
">
      <![CDATA[cucumber.runtime.CucumberException: java.lang.Error: Unresolved compilation problem: Invalid escape sequence (valid ones are  \b  \t  \n  \f  \r  \"  \'  \\ )at cucumber.api.testng.TestNGCucumberRunner.runCucumber(TestNGCucumberRunner.java:69)at cucumber.api.testng.AbstractTestNGCucumberTests.feature(AbstractTestNGCucumberTests.java:21)at sun.reflect.NativeMethodAccessorImpl.invoke0(Native Method)at sun.reflect.NativeMethodAccessorImpl.invoke(Unknown Source)at sun.reflect.DelegatingMethodAccessorImpl.invoke(Unknown Source)at java.lang.reflect.Method.invoke(Unknown Source)at org.testng.internal.MethodInvocationHelper.invokeMethod(MethodInvocationHelper.java:124)at org.testng.internal.Invoker.invokeMethod(Invoker.java:571)at org.testng.internal.Invoker.invokeTestMethod(Invoker.java:707)at org.testng.internal.Invoker.invokeTestMethods(Invoker.java:979)at org.testng.internal.TestMethodWorker.invokeTestMethods(TestMethodWorker.java:125)at org.testng.internal.TestMethodWorker.run(TestMethodWorker.java:109)at org.testng.TestRunner.privateRun(TestRunner.java:648)at org.testng.TestRunner.run(TestRunner.java:505)at org.testng.SuiteRunner.runTest(SuiteRunner.java:455)at org.testng.SuiteRunner.runSequentially(SuiteRunner.java:450)at org.testng.SuiteRunner.privateRun(SuiteRunner.java:415)at org.testng.SuiteRunner.run(SuiteRunner.java:364)at org.testng.SuiteRunnerWorker.runSuite(SuiteRunnerWorker.java:52)at org.testng.SuiteRunnerWorker.run(SuiteRunnerWorker.java:84)at org.testng.TestNG.runSuitesSequentially(TestNG.java:1187)at org.testng.TestNG.runSuitesLocally(TestNG.java:1116)at org.testng.TestNG.runSuites(TestNG.java:1028)at org.testng.TestNG.run(TestNG.java:996)at org.testng.remote.AbstractRemoteTestNG.run(AbstractRemoteTestNG.java:114)at org.testng.remote.RemoteTestNG.initAndRun(RemoteTestNG.java:251)at org.testng.remote.RemoteTestNG.main(RemoteTestNG.java:77)Caused by: java.lang.Error: Unresolved compilation problem: Invalid escape sequence (valid ones are  \b  \t  \n  \f  \r  \"  \'  \\ )at allBrowser.BrowserInitialize.ChooseBrowser(BrowserInitialize.java:18)at stepDef.Login2Step.admin_Navigateto_HRM_Login_page(Login2Step.java:19)at âœ½.Given Admin Navigateto HRM Login page(login2.feature:8)]]>
    </error>
  </testcase> <!-- feature -->
</testsuite> <!-- TestRunner.TC02_login -->
